TN:
SF:/Users/fredericog/personal/supplies.spa/src/components/GoogleSignInButton.js
FN:3,GoogleSignInButton
FNF:1
FNH:1
FNDA:2,GoogleSignInButton
DA:1,1
DA:3,4
DA:4,2
DA:11,1
LF:4
LH:4
BRF:0
BRH:0
end_of_record
TN:
SF:/Users/fredericog/personal/supplies.spa/src/containers/Login.js
FN:12,(anonymous_12)
FN:23,mapDispatchToProps
FN:25,signInWithGoogle
FNF:3
FNH:3
FNDA:1,(anonymous_12)
FNDA:1,mapDispatchToProps
FNDA:1,signInWithGoogle
DA:1,1
DA:2,1
DA:3,1
DA:4,1
DA:8,2
DA:12,2
DA:13,1
DA:14,1
DA:19,2
DA:24,1
DA:26,1
LF:11
LH:11
BRF:0
BRH:0
end_of_record
TN:
SF:/Users/fredericog/personal/supplies.spa/src/dux/loginReducer.js
FN:2,requestGoogleSignIn
FNF:1
FNH:1
FNDA:4,requestGoogleSignIn
DA:1,1
DA:3,4
DA:8,3
DA:9,3
DA:12,2
DA:14,1
LF:6
LH:6
BRDA:8,0,0,2
BRDA:8,0,1,1
BRDA:8,1,0,3
BRDA:8,1,1,3
BRDA:10,2,0,2
BRDA:10,2,1,1
BRF:6
BRH:6
end_of_record
